This is pdfTeX, Version 3.1415926-2.3-1.40.12 (TeX Live 2011) (format=pdflatex 2012.6.28)  21 JAN 2015 20:41
entering extended mode
 restricted \write18 enabled.
 %&-line parsing enabled.
**masterarbeit.tex
(./masterarbeit.tex
LaTeX2e <2011/06/27>
Babel <v3.8m> and hyphenation patterns for english, dumylang, nohyphenation, ge
rman-x-2011-07-01, ngerman-x-2011-07-01, afrikaans, ancientgreek, ibycus, arabi
c, armenian, basque, bulgarian, catalan, pinyin, coptic, croatian, czech, danis
h, dutch, ukenglish, usenglishmax, esperanto, estonian, ethiopic, farsi, finnis
h, french, friulan, galician, german, ngerman, swissgerman, monogreek, greek, h
ungarian, icelandic, assamese, bengali, gujarati, hindi, kannada, malayalam, ma
rathi, oriya, panjabi, tamil, telugu, indonesian, interlingua, irish, italian, 
kurmanji, lao, latin, latvian, lithuanian, mongolian, mongolianlmc, bokmal, nyn
orsk, polish, portuguese, romanian, romansh, russian, sanskrit, serbian, serbia
nc, slovak, slovenian, spanish, swedish, turkish, turkmen, ukrainian, uppersorb
ian, welsh, loaded.
(./styles/svmono.cls

LaTeX Warning: You have requested document class `styles/svmono',
               but the document class provides `svmono'.

Document Class: svmono 2003/04/15 3.7 
Springer Verlag global LaTeX document class for monographs

Class Springer-SVMono Warning: Specified option or subpackage "twoside" 
(Springer-SVMono)              not found passing it to article class 
(Springer-SVMono)              - on input line 184.


Class Springer-SVMono Warning: Specified option or subpackage "a4paper" 
(Springer-SVMono)              not found passing it to article class 
(Springer-SVMono)              - on input line 184.

Class Springer-SVMono Info: extra/valid Springer sub-package 
(Springer-SVMono)           not found in option list - using "global" style.
(/usr/local/texlive/2011/texmf-dist/tex/latex/base/article.cls
Document Class: article 2007/10/19 v1.4h Standard LaTeX document class
(/usr/local/texlive/2011/texmf-dist/tex/latex/base/size10.clo
File: size10.clo 2007/10/19 v1.4h Standard LaTeX file (size option)
)
\c@part=\count79
\c@section=\count80
\c@subsection=\count81
\c@subsubsection=\count82
\c@paragraph=\count83
\c@subparagraph=\count84
\c@figure=\count85
\c@table=\count86
\abovecaptionskip=\skip41
\belowcaptionskip=\skip42
\bibindent=\dimen102
)
\betweenumberspace=\dimen103
\headlineindent=\dimen104
\c@chapter=\count87
\chapstarthookwidth=\dimen105
\svitemindent=\dimen106
\verbatimindent=\dimen107
LaTeX Font Info:    Redeclaring math symbol \Gamma on input line 657.
LaTeX Font Info:    Redeclaring math symbol \Delta on input line 658.
LaTeX Font Info:    Redeclaring math symbol \Theta on input line 659.
LaTeX Font Info:    Redeclaring math symbol \Lambda on input line 660.
LaTeX Font Info:    Redeclaring math symbol \Xi on input line 661.
LaTeX Font Info:    Redeclaring math symbol \Pi on input line 662.
LaTeX Font Info:    Redeclaring math symbol \Sigma on input line 663.
LaTeX Font Info:    Redeclaring math symbol \Upsilon on input line 664.
LaTeX Font Info:    Redeclaring math symbol \Phi on input line 665.
LaTeX Font Info:    Redeclaring math symbol \Psi on input line 666.
LaTeX Font Info:    Redeclaring math symbol \Omega on input line 667.
\tocchpnum=\dimen108
\tocsecnum=\dimen109
\tocsectotal=\dimen110
\tocsubsecnum=\dimen111
\tocsubsectotal=\dimen112
\tocsubsubsecnum=\dimen113
\tocsubsubsectotal=\dimen114
\tocparanum=\dimen115
\tocparatotal=\dimen116
\tocsubparanum=\dimen117
\foot@parindent=\dimen118
\spthmsep=\dimen119
\c@theorem=\count88
\instindent=\dimen120
\figgap=\dimen121
\figcapgap=\dimen122
\tabcapgap=\dimen123
\c@merk=\count89
)
(./LaTeXdefs.tex
(/usr/local/texlive/2011/texmf-dist/tex/latex/graphics/color.sty
Package: color 2005/11/14 v1.0j Standard LaTeX Color (DPC)

(/usr/local/texlive/2011/texmf-dist/tex/latex/latexconfig/color.cfg
File: color.cfg 2007/01/18 v1.5 color configuration of teTeX/TeXLive
)
Package color Info: Driver file: pdftex.def on input line 130.

(/usr/local/texlive/2011/texmf-dist/tex/latex/pdftex-def/pdftex.def
File: pdftex.def 2011/05/27 v0.06d Graphics/color for pdfTeX

(/usr/local/texlive/2011/texmf-dist/tex/generic/oberdiek/infwarerr.sty
Package: infwarerr 2010/04/08 v1.3 Providing info/warning/error messages (HO)
)
(/usr/local/texlive/2011/texmf-dist/tex/generic/oberdiek/ltxcmds.sty
Package: ltxcmds 2011/11/09 v1.22 LaTeX kernel commands for general use (HO)
)
\Gread@gobject=\count90
))
(/usr/local/texlive/2011/texmf-dist/tex/latex/colortbl/colortbl.sty
Package: colortbl 2012/02/13 v1.0a Color table columns (DPC)

(/usr/local/texlive/2011/texmf-dist/tex/latex/tools/array.sty
Package: array 2008/09/09 v2.4c Tabular extension package (FMi)
\col@sep=\dimen124
\extrarowheight=\dimen125
\NC@list=\toks14
\extratabsurround=\skip43
\backup@length=\skip44
)
\everycr=\toks15
\minrowclearance=\skip45
)
(/usr/local/texlive/2011/texmf-dist/tex/latex/tools/multicol.sty
Package: multicol 2011/06/27 v1.7a multicolumn formatting (FMi)
\c@tracingmulticols=\count91
\mult@box=\box26
\multicol@leftmargin=\dimen126
\c@unbalance=\count92
\c@collectmore=\count93
\doublecol@number=\count94
\multicoltolerance=\count95
\multicolpretolerance=\count96
\full@width=\dimen127
\page@free=\dimen128
\premulticols=\dimen129
\postmulticols=\dimen130
\multicolsep=\skip46
\multicolbaselineskip=\skip47
\partial@page=\box27
\last@line=\box28
\mult@rightbox=\box29
\mult@grightbox=\box30
\mult@gfirstbox=\box31
\mult@firstbox=\box32
\@tempa=\box33
\@tempa=\box34
\@tempa=\box35
\@tempa=\box36
\@tempa=\box37
\@tempa=\box38
\@tempa=\box39
\@tempa=\box40
\@tempa=\box41
\@tempa=\box42
\@tempa=\box43
\@tempa=\box44
\@tempa=\box45
\@tempa=\box46
\@tempa=\box47
\@tempa=\box48
\@tempa=\box49
\c@columnbadness=\count97
\c@finalcolumnbadness=\count98
\last@try=\dimen131
\multicolovershoot=\dimen132
\multicolundershoot=\dimen133
\mult@nat@firstbox=\box50
\colbreak@box=\box51
\multicol@sort@counter=\count99
)
(/usr/local/texlive/2011/texmf-dist/tex/latex/pstool/pstool.sty
Package: pstool 2009/07/17 v1.3 Wrapper for processing PostScript/psfrag figure
s

(/usr/local/texlive/2011/texmf-dist/tex/generic/oberdiek/catchfile.sty
Package: catchfile 2011/03/01 v1.6 Catch the contents of a file (HO)

(/usr/local/texlive/2011/texmf-dist/tex/generic/oberdiek/etexcmds.sty
Package: etexcmds 2011/02/16 v1.5 Avoid name clashes with e-TeX commands (HO)

(/usr/local/texlive/2011/texmf-dist/tex/generic/oberdiek/ifluatex.sty
Package: ifluatex 2010/03/01 v1.3 Provides the ifluatex switch (HO)
Package ifluatex Info: LuaTeX not detected.
)
Package etexcmds Info: Could not find \expanded.
(etexcmds)             That can mean that you are not using pdfTeX 1.50 or
(etexcmds)             that some package has redefined \expanded.
(etexcmds)             In the latter case, load this package earlier.
))
(/usr/local/texlive/2011/texmf-dist/tex/generic/oberdiek/ifpdf.sty
Package: ifpdf 2011/01/30 v2.3 Provides the ifpdf switch (HO)
Package ifpdf Info: pdfTeX in PDF mode is detected.
)
(/usr/local/texlive/2011/texmf-dist/tex/latex/ifplatform/ifplatform.sty
Package: ifplatform 2010/10/22 v0.4 Testing for the operating system

(/usr/local/texlive/2011/texmf-dist/tex/generic/oberdiek/pdftexcmds.sty
Package: pdftexcmds 2011/11/29 v0.20 Utility functions of pdfTeX for LuaTeX (HO
)
Package pdftexcmds Info: LuaTeX not detected.
Package pdftexcmds Info: \pdf@primitive is available.
Package pdftexcmds Info: \pdf@ifprimitive is available.
Package pdftexcmds Info: \pdfdraftmode found.
)

Package ifplatform Warning: 
    shell escape is disabled, so I can only detect \ifwindows.

) (/usr/local/texlive/2011/texmf-dist/tex/latex/graphics/graphicx.sty
Package: graphicx 1999/02/16 v1.0f Enhanced LaTeX Graphics (DPC,SPQR)

(/usr/local/texlive/2011/texmf-dist/tex/latex/graphics/keyval.sty
Package: keyval 1999/03/16 v1.13 key=value parser (DPC)
\KV@toks@=\toks16
)
(/usr/local/texlive/2011/texmf-dist/tex/latex/graphics/graphics.sty
Package: graphics 2009/02/05 v1.0o Standard LaTeX Graphics (DPC,SPQR)

(/usr/local/texlive/2011/texmf-dist/tex/latex/graphics/trig.sty
Package: trig 1999/03/16 v1.09 sin cos tan (DPC)
)
(/usr/local/texlive/2011/texmf-dist/tex/latex/latexconfig/graphics.cfg
File: graphics.cfg 2010/04/23 v1.9 graphics configuration of TeX Live
)
Package graphics Info: Driver file: pdftex.def on input line 91.
)
\Gin@req@height=\dimen134
\Gin@req@width=\dimen135
)
(/usr/local/texlive/2011/texmf-dist/tex/latex/psfrag/psfrag.sty
Package: psfrag 1998/04/11 v3.04 PSfrag (MCG)
\pfg@pcount=\count100
\pfg@scount=\count101
\pfg@temp=\write3
)
(/usr/local/texlive/2011/texmf-dist/tex/latex/bigfoot/suffix.sty
Package: suffix 2006/07/15 1.5 Variant command support
)
(/usr/local/texlive/2011/texmf-dist/tex/latex/xkeyval/xkeyval.sty
Package: xkeyval 2008/08/13 v2.6a package option processing (HA)

(/usr/local/texlive/2011/texmf-dist/tex/generic/xkeyval/xkeyval.tex
\XKV@toks=\toks17
\XKV@tempa@toks=\toks18
\XKV@depth=\count102
File: xkeyval.tex 2008/08/13 v2.6a key=value parser (HA)
))
\pstool@out=\write4


Package pstool Warning: 
  Package option [process=none] activated
  because -shell-escape is not enabled.
This warning occurred on input line 101.

) (./styles/dipl.sty
(/usr/local/texlive/2011/texmf-dist/tex/latex/fancyhdr/fancyhdr.sty
\fancy@headwidth=\skip48
\f@ncyO@elh=\skip49
\f@ncyO@erh=\skip50
\f@ncyO@olh=\skip51
\f@ncyO@orh=\skip52
\f@ncyO@elf=\skip53
\f@ncyO@erf=\skip54
\f@ncyO@olf=\skip55
\f@ncyO@orf=\skip56
)
(/usr/local/texlive/2011/texmf-dist/tex/latex/url/url.sty
\Urlmuskip=\muskip10
Package: url 2006/04/12  ver 3.3  Verb mode for urls, etc.
)
(/usr/local/texlive/2011/texmf-dist/tex/latex/float/float.sty
Package: float 2001/11/08 v1.3d Float enhancements (AL)
\c@float@type=\count103
\float@exts=\toks19
\float@box=\box52
\@float@everytoks=\toks20
\@floatcapt=\box53
)
(/usr/local/texlive/2011/texmf-dist/tex/generic/german/german.sty
v2.5e 1998-07-08
Package: german 1998/07/08 v2.5e Support for writing german texts (br)
\grmnU@D=\dimen136
german -- \language number for Austrian undefined, default 29 used.
)
(/usr/local/texlive/2011/texmf-dist/tex/latex/subfigure/subfigure.sty
Package: subfigure 2002/03/15 v2.1.5 subfigure package
\subfigtopskip=\skip57
\subfigcapskip=\skip58
\subfigcaptopadj=\dimen137
\subfigbottomskip=\skip59
\subfigcapmargin=\dimen138
\subfiglabelskip=\skip60
\c@subfigure=\count104
\c@lofdepth=\count105
\c@subtable=\count106
\c@lotdepth=\count107

****************************************
* Local config file subfigure.cfg used *
****************************************
(/usr/local/texlive/2011/texmf-dist/tex/latex/subfigure/subfigure.cfg)
\subfig@top=\skip61
\subfig@bottom=\skip62
)
(/usr/local/texlive/2011/texmf-dist/tex/latex/amsmath/amsmath.sty
Package: amsmath 2000/07/18 v2.13 AMS math features
\@mathmargin=\skip63

For additional information on amsmath, use the `?' option.
(/usr/local/texlive/2011/texmf-dist/tex/latex/amsmath/amstext.sty
Package: amstext 2000/06/29 v2.01

(/usr/local/texlive/2011/texmf-dist/tex/latex/amsmath/amsgen.sty
File: amsgen.sty 1999/11/30 v2.0
\@emptytoks=\toks21
\ex@=\dimen139
))
(/usr/local/texlive/2011/texmf-dist/tex/latex/amsmath/amsbsy.sty
Package: amsbsy 1999/11/29 v1.2d
\pmbraise@=\dimen140
)
(/usr/local/texlive/2011/texmf-dist/tex/latex/amsmath/amsopn.sty
Package: amsopn 1999/12/14 v2.01 operator names
)
\inf@bad=\count108
LaTeX Info: Redefining \frac on input line 211.
\uproot@=\count109
\leftroot@=\count110
LaTeX Info: Redefining \overline on input line 307.
\classnum@=\count111
\DOTSCASE@=\count112
LaTeX Info: Redefining \ldots on input line 379.
LaTeX Info: Redefining \dots on input line 382.
LaTeX Info: Redefining \cdots on input line 467.
\Mathstrutbox@=\box54
\strutbox@=\box55
\big@size=\dimen141
LaTeX Font Info:    Redeclaring font encoding OML on input line 567.
LaTeX Font Info:    Redeclaring font encoding OMS on input line 568.


Package amsmath Warning: Unable to redefine math accent \vec.

\macc@depth=\count113
\c@MaxMatrixCols=\count114
\dotsspace@=\muskip11
\c@parentequation=\count115
\dspbrk@lvl=\count116
\tag@help=\toks22
\row@=\count117
\column@=\count118
\maxfields@=\count119
\andhelp@=\toks23
\eqnshift@=\dimen142
\alignsep@=\dimen143
\tagshift@=\dimen144
\tagwidth@=\dimen145
\totwidth@=\dimen146
\lineht@=\dimen147
\@envbody=\toks24
\multlinegap=\skip64
\multlinetaggap=\skip65
\mathdisplay@stack=\toks25
LaTeX Info: Redefining \[ on input line 2666.
LaTeX Info: Redefining \] on input line 2667.
) (/usr/local/texlive/2011/texmf-dist/tex/latex/amsfonts/amsfonts.sty
Package: amsfonts 2009/06/22 v3.00 Basic AMSFonts support
\symAMSa=\mathgroup4
\symAMSb=\mathgroup5
LaTeX Font Info:    Overwriting math alphabet `\mathfrak' in version `bold'
(Font)                  U/euf/m/n --> U/euf/b/n on input line 96.
)
(/usr/local/texlive/2011/texmf-dist/tex/latex/amsfonts/amssymb.sty
Package: amssymb 2009/06/22 v3.00
)
(/usr/local/texlive/2011/texmf-dist/tex/latex/tools/delarray.sty
Package: delarray 1994/03/14 v1.01 array delimiter package (DPC)
)
(/usr/local/texlive/2011/texmf-dist/tex/latex/booktabs/booktabs.sty
Package: booktabs 2005/04/14 v1.61803 publication quality tables
\heavyrulewidth=\dimen148
\lightrulewidth=\dimen149
\cmidrulewidth=\dimen150
\belowrulesep=\dimen151
\belowbottomsep=\dimen152
\aboverulesep=\dimen153
\abovetopsep=\dimen154
\cmidrulesep=\dimen155
\cmidrulekern=\dimen156
\defaultaddspace=\dimen157
\@cmidla=\count120
\@cmidlb=\count121
\@aboverulesep=\dimen158
\@belowrulesep=\dimen159
\@thisruleclass=\count122
\@lastruleclass=\count123
\@thisrulewidth=\dimen160
)
(/usr/local/texlive/2011/texmf-dist/tex/latex/tools/dcolumn.sty
Package: dcolumn 2001/05/28 v1.06 decimal alignment package (DPC)
)
(/usr/local/texlive/2011/texmf-dist/tex/latex/base/shortvrb.sty
Package: shortvrb 2010/02/04 v2.1e Standard LaTeX documentation package (FMi)
)
(/usr/local/texlive/2011/texmf-dist/tex/latex/eepic/epic.sty
Enhancements to Picture Environment. Version 1.2 - Released June 1, 1986
\@@multicnt=\count124
\d@lta=\count125
\@delta=\dimen161
\@@delta=\dimen162
\@gridcnt=\count126
\@joinkind=\count127
\@dotgap=\dimen163
\@ddotgap=\dimen164
\@x@diff=\count128
\@y@diff=\count129
\x@diff=\dimen165
\y@diff=\dimen166
\@dotbox=\box56
\num@segments=\count130
\num@segmentsi=\count131
\@datafile=\read1
) (/usr/local/texlive/2011/texmf-dist/tex/latex/eepic/eepicemu.sty
Emulation of EEPIC using EPIC. Version 1.1a - Released Febrary 1, 1988
\@spxcnt=\count132
\@spycnt=\count133
\@ispxcnt=\count134
\@ispycnt=\count135
\@cmidxcnt=\count136
\@cmidycnt=\count137
\maxovaldiam=\dimen167
) (/usr/local/texlive/2011/texmf-dist/tex/latex/index/index.sty
Package: index 2004/01/20 v4.2beta Improved index support (dmj)
\@indexbox=\insert233
\indexproofstyle=\toks26
)
(/usr/local/texlive/2011/texmf-dist/tex/latex/multirow/multirow.sty
\bigstrutjot=\dimen168
)
(/usr/local/texlive/2011/texmf-dist/tex/latex/supertabular/supertabular.sty
Package: supertabular 2004/02/20 v4.1e the supertabular environment
\c@tracingst=\count138
\ST@wd=\dimen169
\ST@rightskip=\skip66
\ST@leftskip=\skip67
\ST@parfillskip=\skip68
\ST@pageleft=\dimen170
\ST@headht=\dimen171
\ST@tailht=\dimen172
\ST@pagesofar=\dimen173
\ST@pboxht=\dimen174
\ST@lineht=\dimen175
\ST@stretchht=\dimen176
\ST@prevht=\dimen177
\ST@toadd=\dimen178
\ST@dimen=\dimen179
\ST@pbox=\box57
)
(/usr/local/texlive/2011/texmf-dist/tex/latex/ae/ae.sty
Package: ae 2001/02/12 1.3 Almost European Computer Modern

(/usr/local/texlive/2011/texmf-dist/tex/latex/base/fontenc.sty
Package: fontenc 2005/09/27 v1.99g Standard LaTeX package

(/usr/local/texlive/2011/texmf-dist/tex/latex/base/t1enc.def
File: t1enc.def 2005/09/27 v1.99g Standard LaTeX file
LaTeX Font Info:    Redeclaring font encoding T1 on input line 43.
)
LaTeX Font Info:    Try loading font information for T1+aer on input line 100.

(/usr/local/texlive/2011/texmf-dist/tex/latex/ae/t1aer.fd
File: t1aer.fd 1997/11/16 Font definitions for T1/aer.
)))
(/usr/local/texlive/2011/texmf-dist/tex/latex/setspace/setspace.sty
Package: setspace 2011/12/19 v6.7a set line spacing
)
(/usr/local/texlive/2011/texmf-dist/tex/latex/rotating/rotating.sty
Package: rotating 2009/03/28 v2.16a rotated objects in LaTeX

(/usr/local/texlive/2011/texmf-dist/tex/latex/base/ifthen.sty
Package: ifthen 2001/05/26 v1.1c Standard LaTeX ifthen package (DPC)
)
\c@r@tfl@t=\count139
\rotFPtop=\skip69
\rotFPbot=\skip70
\rot@float@box=\box58
\rot@mess@toks=\toks27
)
(/usr/local/texlive/2011/texmf-dist/tex/latex/tools/calc.sty
Package: calc 2007/08/22 v4.3 Infix arithmetic (KKT,FJ)
\calc@Acount=\count140
\calc@Bcount=\count141
\calc@Adimen=\dimen180
\calc@Bdimen=\dimen181
\calc@Askip=\skip71
\calc@Bskip=\skip72
LaTeX Info: Redefining \setlength on input line 76.
LaTeX Info: Redefining \addtolength on input line 77.
\calc@Ccount=\count142
\calc@Cskip=\skip73
)
(/usr/local/texlive/2011/texmf-dist/tex/latex/alg/alg.sty
Package: alg 2001/02/12
\algleftmarginwidth=\skip74
\algrightmarginwidth=\skip75
\alglinenowidth=\skip76
\algtabwidth=\skip77
\alg@fromleft=\skip78
\alg@tmplen=\skip79
\alg@tmpbox=\box59
\c@alg@inmargin=\count143
\c@algline=\count144
\@float@every@algorithmfloat=\toks28
\c@algorithmfloat=\count145
)
(/usr/local/texlive/2011/texmf-dist/tex/latex/type1cm/type1cm.sty
Package: type1cm 2002/09/05 v0.04 BlueSky/Y&Y Type1 CM font definitions (DPC, p
atched RF)
)
\c@appcnt=\count146
\idxtitle@default=\toks29
\tf@default=\write5
\openout5 = `masterarbeit.idx'.

Package index Info: Writing index file masterarbeit.idx on input line 218.
\idxtitle@dix=\toks30
\tf@dix=\write6
\openout6 = `masterarbeit.idx'.

Package index Info: Writing index file masterarbeit.idx on input line 219.
\openout5 = `masterarbeit.idx'.

Package index Info: Writing index file masterarbeit.idx on input line 220.
)
(/usr/local/texlive/2011/texmf-dist/tex/generic/babel/babel.sty
Package: babel 2008/07/08 v3.8m The Babel package

(/usr/local/texlive/2011/texmf-dist/tex/generic/babel/english.ldf
Language: english 2005/03/30 v3.3o English support from the babel system

(/usr/local/texlive/2011/texmf-dist/tex/generic/babel/babel.def
File: babel.def 2008/07/08 v3.8m Babel common definitions
\babel@savecnt=\count147
\U@D=\dimen182
)))
(/usr/local/texlive/2011/texmf-dist/tex/latex/natbib/natbib.sty
Package: natbib 2010/09/13 8.31b (PWD, AO)
\bibhang=\skip80
\bibsep=\skip81
LaTeX Info: Redefining \cite on input line 694.
\c@NAT@ctr=\count148
))
(./masterarbeit.aux (./title.aux) (./Introduction.aux) (./Fundamentals.aux)
(./Methods.aux) (./Results.aux

LaTeX Warning: Label `piceinsteinpng' multiply defined.

) (./kapitel5.aux) (./kapitel6.aux) (./kapitel7.aux) (./kapitel8.aux)
(./anhang1.aux))
\openout1 = `masterarbeit.aux'.

LaTeX Font Info:    Checking defaults for OML/cmm/m/it on input line 61.
LaTeX Font Info:    ... okay on input line 61.
LaTeX Font Info:    Checking defaults for T1/cmr/m/n on input line 61.
LaTeX Font Info:    ... okay on input line 61.
LaTeX Font Info:    Checking defaults for OT1/cmr/m/n on input line 61.
LaTeX Font Info:    ... okay on input line 61.
LaTeX Font Info:    Checking defaults for OMS/cmsy/m/n on input line 61.
LaTeX Font Info:    ... okay on input line 61.
LaTeX Font Info:    Checking defaults for OMX/cmex/m/n on input line 61.
LaTeX Font Info:    ... okay on input line 61.
LaTeX Font Info:    Checking defaults for U/cmr/m/n on input line 61.
LaTeX Font Info:    ... okay on input line 61.

(/usr/local/texlive/2011/texmf-dist/tex/context/base/supp-pdf.mkii
[Loading MPS to PDF converter (version 2006.09.02).]
\scratchcounter=\count149
\scratchdimen=\dimen183
\scratchbox=\box60
\nofMPsegments=\count150
\nofMParguments=\count151
\everyMPshowfont=\toks31
\MPscratchCnt=\count152
\MPscratchDim=\dimen184
\MPnumerator=\count153
\makeMPintoPDFobject=\count154
\everyMPtoPDFconversion=\toks32
) (/usr/local/texlive/2011/texmf-dist/tex/latex/oberdiek/epstopdf-base.sty
Package: epstopdf-base 2010/02/09 v2.5 Base part for package epstopdf

(/usr/local/texlive/2011/texmf-dist/tex/latex/oberdiek/grfext.sty
Package: grfext 2010/08/19 v1.1 Manage graphics extensions (HO)

(/usr/local/texlive/2011/texmf-dist/tex/generic/oberdiek/kvdefinekeys.sty
Package: kvdefinekeys 2011/04/07 v1.3 Define keys (HO)
))
(/usr/local/texlive/2011/texmf-dist/tex/latex/oberdiek/kvoptions.sty
Package: kvoptions 2011/06/30 v3.11 Key value format for package options (HO)

(/usr/local/texlive/2011/texmf-dist/tex/generic/oberdiek/kvsetkeys.sty
Package: kvsetkeys 2012/04/25 v1.16 Key value parser (HO)
))
Package grfext Info: Graphics extension search list:
(grfext)             [.png,.pdf,.jpg,.mps,.jpeg,.jbig2,.jb2,.PNG,.PDF,.JPG,.JPE
G,.JBIG2,.JB2,.eps]
(grfext)             \AppendGraphicsExtensions on input line 452.

(/usr/local/texlive/2011/texmf-dist/tex/latex/latexconfig/epstopdf-sys.cfg
File: epstopdf-sys.cfg 2010/07/13 v1.3 Configuration of (r)epstopdf for TeX Liv
e
))
\openout2 = `title.aux'.


(./title.tex
LaTeX Font Info:    Calculating math sizes for size <11> on input line 21.

Overfull \hbox (16.50261pt too wide) in paragraph at lines 6--22
 []$ 
 []

<pics/KITLOGO.pdf, id=1, 803.0pt x 401.5pt>
File: pics/KITLOGO.pdf Graphic file (type pdf)
 <use pics/KITLOGO.pdf>
Package pdftex.def Info: pics/KITLOGO.pdf used on input line 36.
(pdftex.def)             Requested size: 99.58464pt x 49.78915pt.
 [1
Non-PDF special ignored!


{/usr/local/texlive/2011/texmf-var/fonts/map/pdftex/updmap/pdftex.map} <./pics/
KITLOGO.pdf>] [2

]
Underfull \hbox (badness 10000) in paragraph at lines 59--62

 []

) [3] [4


] (./masterarbeit.toc)
\tf@toc=\write7
\openout7 = `masterarbeit.toc'.

 [1


] [2

]
\openout2 = `Introduction.aux'.

 (./Introduction.tex
Chapter 1.
) [1



] [2


]
\openout2 = `Fundamentals.aux'.

 (./Fundamentals.tex
Chapter 2.

Package natbib Warning: Citation `sherwood07' on page 3 undefined on input line
 39.


Package natbib Warning: Citation `sherwood07' on page 3 undefined on input line
 39.


Package natbib Warning: Citation `schwegler11' on page 3 undefined on input lin
e 39.


Underfull \hbox (badness 10000) in paragraph at lines 39--44

 []

[3


]) [4]
\openout2 = `Methods.aux'.

 (./Methods.tex
Chapter 3.

LaTeX Warning: Reference `grundlagen' on page 5 undefined on input line 8.


Package natbib Warning: Citation `riedel02' on page 5 undefined on input line 1
4.


Package natbib Warning: Citation `belytschko00' on page 5 undefined on input li
ne 16.


Package natbib Warning: Citation `belytschko00' on page 5 undefined on input li
ne 16.


Package natbib Warning: Citation `calkins12' on page 5 undefined on input line 
16.

) [5




] [6


]
\openout2 = `Results.aux'.

 (./Results.tex
Chapter 4.
<pics/einsteinlabel.pdf, id=50, 207.77625pt x 286.06876pt>
File: pics/einsteinlabel.pdf Graphic file (type pdf)

<use pics/einsteinlabel.pdf>
Package pdftex.def Info: pics/einsteinlabel.pdf used on input line 8.
(pdftex.def)             Requested size: 254.71165pt x 350.70573pt.

<pics/einsteinlabel.png, id=51, 206.371pt x 286.671pt>
File: pics/einsteinlabel.png Graphic file (type png)

<use pics/einsteinlabel.png>
Package pdftex.def Info: pics/einsteinlabel.png used on input line 14.
(pdftex.def)             Requested size: 254.71165pt x 353.83676pt.

<pics/APsMfrag.pdf, id=53, 298.16393pt x 224.9203pt>
File: pics/APsMfrag.pdf Graphic file (type pdf)
 <use pics/APsMfrag.pdf>
Package pdftex.def Info: pics/APsMfrag.pdf used on input line 24.
(pdftex.def)             Requested size: 298.16318pt x 224.91974pt.
)
[7


 <./pics/einsteinlabel.pdf>] [8 <./pics/einsteinlabel.png> <./pics/APsMfrag.pdf
>]
\openout2 = `kapitel5.aux'.

 (./kapitel5.tex
Chapter 5.
[9




]

Package natbib Warning: Citation `silbernagl01' on page 10 undefined on input l
ine 41.


Package natbib Warning: Citation `silbernagl01' on page 10 undefined on input l
ine 41.

[10]

Package natbib Warning: Citation `gonzalez92bsp' on page 11 undefined on input 
line 65.

) [11] [12


]
\openout2 = `kapitel6.aux'.

 (./kapitel6.tex
Chapter 6.

Package natbib Warning: Citation `gonzalez92bsp' on page 13 undefined on input 
line 13.

[13


] [14]) [15] [16


]
\openout2 = `kapitel7.aux'.

 (./kapitel7.tex
Chapter 7.
) [17


] [18


]
\openout2 = `kapitel8.aux'.

 (./kapitel8.tex
Chapter 8.
) [19


] [20


]
\openout2 = `anhang1.aux'.

 (./anhang1.tex
Appendix A.
) [21


] [22


] (./masterarbeit.lof)
\tf@lof=\write8
\openout8 = `masterarbeit.lof'.

 [23

] [24

] (./masterarbeit.lot)
\tf@lot=\write9
\openout9 = `masterarbeit.lot'.

 [25

] [26

]
No file masterarbeit.bbl.

Package natbib Warning: There were undefined citations.

(./masterarbeit.aux (./title.aux) (./Introduction.aux) (./Fundamentals.aux)
(./Methods.aux) (./Results.aux) (./kapitel5.aux) (./kapitel6.aux)
(./kapitel7.aux) (./kapitel8.aux) (./anhang1.aux))

LaTeX Warning: There were undefined references.


LaTeX Warning: There were multiply-defined labels.

 )
(\end occurred inside a group at level 1)

### simple group (level 1) entered at line 58 ({)
### bottom level 
Here is how much of TeX's memory you used:
 5897 strings out of 493610
 76871 string characters out of 3142404
 165087 words of memory out of 3000000
 8900 multiletter control sequences out of 15000+200000
 49917 words of font info for 108 fonts, out of 3000000 for 9000
 834 hyphenation exceptions out of 8191
 37i,12n,45p,1000b,442s stack positions out of 5000i,500n,10000p,200000b,50000s
</usr/local/texlive/2011/texmf-dist/fonts/type1/public/amsfonts
/cm/cmbx10.pfb></usr/local/texlive/2011/texmf-dist/fonts/type1/public/amsfonts/
cm/cmbx12.pfb></usr/local/texlive/2011/texmf-dist/fonts/type1/public/amsfonts/c
m/cmbx9.pfb></usr/local/texlive/2011/texmf-dist/fonts/type1/public/amsfonts/cm/
cmcsc10.pfb></usr/local/texlive/2011/texmf-dist/fonts/type1/public/amsfonts/cm/
cmex10.pfb></usr/local/texlive/2011/texmf-dist/fonts/type1/public/amsfonts/cm/c
mmi10.pfb></usr/local/texlive/2011/texmf-dist/fonts/type1/public/amsfonts/cm/cm
mi5.pfb></usr/local/texlive/2011/texmf-dist/fonts/type1/public/amsfonts/cm/cmmi
7.pfb></usr/local/texlive/2011/texmf-dist/fonts/type1/public/amsfonts/cm/cmr10.
pfb></usr/local/texlive/2011/texmf-dist/fonts/type1/public/amsfonts/cm/cmr12.pf
b></usr/local/texlive/2011/texmf-dist/fonts/type1/public/amsfonts/cm/cmr5.pfb><
/usr/local/texlive/2011/texmf-dist/fonts/type1/public/amsfonts/cm/cmr7.pfb></us
r/local/texlive/2011/texmf-dist/fonts/type1/public/amsfonts/cm/cmr9.pfb></usr/l
ocal/texlive/2011/texmf-dist/fonts/type1/public/amsfonts/cm/cmsy10.pfb></usr/lo
cal/texlive/2011/texmf-dist/fonts/type1/public/amsfonts/cm/cmsy7.pfb></usr/loca
l/texlive/2011/texmf-dist/fonts/type1/public/amsfonts/cm/cmti10.pfb>
Output written on masterarbeit.pdf (32 pages, 362212 bytes).
PDF statistics:
 196 PDF objects out of 1000 (max. 8388607)
 135 compressed objects within 2 object streams
 0 named destinations out of 1000 (max. 500000)
 21 words of extra memory for PDF output out of 10000 (max. 10000000)

